{"F:\\dpfgt\\desktop\\trial-js-coverage-w-c8-mocha-main\\ctz.js": {
    "path":"F:\\dpfgt\\desktop\\trial-js-coverage-w-c8-mocha-main\\ctz.js",
    "all":false,
    "statementMap":{
        "0":{"start":{
                "line":1,
                "column":0
            },
            "end":{
                "line":1,
                "column":12
            }},
        "1":{"start":{"line":2,"column":0},"end":{"line":2,"column":14}},
        "2":{"start":{"line":3,"column":0},"end":{"line":3,"column":17}},
        "3":{"start":{"line":4,"column":0},"end":{"line":4,"column":3}},
        "4":{"start":{"line":5,"column":0},"end":{"line":5,"column":14}},
        "5":{"start":{"line":6,"column":0},"end":{"line":6,"column":17}},
        "6":{"start":{"line":7,"column":0},"end":{"line":7,"column":3}},
        "7":{"start":{"line":8,"column":0},"end":{"line":8,"column":0}},
        "8":{"start":{"line":9,"column":0},"end":{"line":9,"column":17}},
        "9":{"start":{"line":10,"column":0},"end":{"line":10,"column":42}},
        "10":{"start":{"line":11,"column":0},"end":{"line":11,"column":3}},
        "11":{"start":{"line":12,"column":0},"end":{"line":12,"column":2}},
        "12":{"start":{"line":13,"column":0},"end":{"line":13,"column":11}},
        "13":{"start":{"line":14,"column":0},"end":{"line":14,"column":1}},
        "14":{"start":{"line":15,"column":0},"end":{"line":15,"column":0}},
        "15":{"start":{"line":16,"column":0},"end":{"line":16,"column":18}},
        "16":{"start":{"line":17,"column":0},"end":{"line":17,"column":0}},
        "17":{"start":{"line":18,"column":0},"end":{"line":18,"column":0}},
        "18":{"start":{"line":19,"column":0},"end":{"line":19,"column":48}},
        "19":{"start":{"line":20,"column":0},"end":{"line":20,"column":9}},
        "20":{"start":{"line":21,"column":0},"end":{"line":21,"column":7}},
        "21":{"start":{"line":22,"column":0},"end":{"line":22,"column":10}}},
        "s":{"0":1,"1":8,"2":3,"3":3,"4":8,"5":3,"6":3,"7":2,"8":8,"9":0,"10":0,"11":2,"12":2,"13":8,"14":1,"15":1,"16":1,"17":1,"18":1,"19":1,"20":1,"21":1},
        "branchMap":{
            "0":{
                "type":"branch",
                "line":1,
                "loc":{
                    "start":{
                        "line":1,
                        "column":0
                        },
                    "end":{
                        "line":22,
                        "column":10
                    }
                },
                "locations":[{"start":{"line":1,"column":0},"end":{"line":22,"column":10}}]},
                "1":{"type":"branch","line":1,"loc":{"start":{"line":1,"column":6},"end":{"line":14,"column":1}},"locations":[{"start":{"line":1,"column":6},"end":{"line":14,"column":1}}]},
                "2":{"type":"branch","line":2,"loc":{"start":{"line":2,"column":13},"end":{"line":4,"column":3}},"locations":[{"start":{"line":2,"column":13},"end":{"line":4,"column":3}}]},
                "3":{"type":"branch","line":5,"loc":{"start":{"line":5,"column":-2},"end":{"line":5,"column":13}},"locations":[{"start":{"line":5,"column":-2},"end":{"line":5,"column":13}}]},
                "4":{"type":"branch","line":5,"loc":{"start":{"line":5,"column":13},"end":{"line":7,"column":3}},"locations":[{"start":{"line":5,"column":13},"end":{"line":7,"column":3}}]},
                "5":{"type":"branch","line":8,"loc":{"start":{"line":8,"column":-2},"end":{"line":9,"column":16}},"locations":[{"start":{"line":8,"column":-2},"end":{"line":9,"column":16}}]},
                "6":{"type":"branch","line":9,"loc":{"start":{"line":9,"column":16},"end":{"line":11,"column":3}},"locations":[{"start":{"line":9,"column":16},"end":{"line":11,"column":3}}]},
                "7":{"type":"branch","line":12,"loc":{"start":{"line":12,"column":-2},"end":{"line":14,"column":0}},"locations":[{"start":{"line":12,"column":-2},"end":{"line":14,"column":0}}]}
            },
        "b":{"0":[1],"1":[8],"2":[3],"3":[5],"4":[3],"5":[2],"6":[0],"7":[2]},
        "fnMap":{"0":{"name":"ctz","decl":{"start":{"line":1,"column":6},"end":{"line":14,"column":1}},"loc":{"start":{"line":1,"column":6},"end":{"line":14,"column":1}},"line":1}},
        "f":{"0":8}
    }
}
